{"/home/nery/www/english-exercises/src/domain/entities/Exercise.ts": {"path":"/home/nery/www/english-exercises/src/domain/entities/Exercise.ts","statementMap":{"0":{"start":{"line":1,"column":0},"end":{"line":1,"column":88}},"1":{"start":{"line":2,"column":0},"end":{"line":2,"column":114}},"2":{"start":{"line":5,"column":0},"end":{"line":5,"column":86}},"3":{"start":{"line":7,"column":0},"end":{"line":7,"column":13}},"4":{"start":{"line":16,"column":12},"end":{"line":16,"column":null}},"5":{"start":{"line":11,"column":11},"end":{"line":11,"column":21}},"6":{"start":{"line":12,"column":11},"end":{"line":12,"column":24}},"7":{"start":{"line":13,"column":11},"end":{"line":13,"column":30}},"8":{"start":{"line":14,"column":11},"end":{"line":14,"column":25}},"9":{"start":{"line":15,"column":11},"end":{"line":15,"column":32}},"10":{"start":{"line":16,"column":12},"end":{"line":16,"column":45}},"11":{"start":{"line":8,"column":19},"end":{"line":8,"column":56}},"12":{"start":{"line":19,"column":9},"end":{"line":33,"column":null}},"13":{"start":{"line":20,"column":35},"end":{"line":20,"column":64}},"14":{"start":{"line":22,"column":4},"end":{"line":22,"column":70}},"15":{"start":{"line":22,"column":24},"end":{"line":22,"column":70}},"16":{"start":{"line":23,"column":26},"end":{"line":24,"column":null}},"17":{"start":{"line":24,"column":27},"end":{"line":24,"column":null}},"18":{"start":{"line":26,"column":4},"end":{"line":26,"column":68}},"19":{"start":{"line":26,"column":23},"end":{"line":26,"column":68}},"20":{"start":{"line":28,"column":4},"end":{"line":29,"column":65}},"21":{"start":{"line":29,"column":6},"end":{"line":29,"column":65}},"22":{"start":{"line":31,"column":4},"end":{"line":32,"column":43}},"23":{"start":{"line":32,"column":6},"end":{"line":32,"column":43}},"24":{"start":{"line":35,"column":9},"end":{"line":37,"column":null}},"25":{"start":{"line":36,"column":4},"end":{"line":36,"column":75}},"26":{"start":{"line":39,"column":9},"end":{"line":41,"column":null}},"27":{"start":{"line":40,"column":4},"end":{"line":40,"column":41}},"28":{"start":{"line":42,"column":0},"end":{"line":42,"column":null}},"29":{"start":{"line":7,"column":13},"end":{"line":7,"column":21}}},"fnMap":{"0":{"name":"(anonymous_0)","decl":{"start":{"line":7,"column":0},"end":{"line":7,"column":13}},"loc":{"start":{"line":7,"column":0},"end":{"line":42,"column":null}}},"1":{"name":"Exercise","decl":{"start":{"line":10,"column":2},"end":{"line":10,"column":null}},"loc":{"start":{"line":16,"column":45},"end":{"line":17,"column":6}}},"2":{"name":"(anonymous_2)","decl":{"start":{"line":19,"column":2},"end":{"line":19,"column":9}},"loc":{"start":{"line":19,"column":37},"end":{"line":33,"column":3}}},"3":{"name":"(anonymous_3)","decl":{"start":{"line":24,"column":6},"end":{"line":24,"column":7}},"loc":{"start":{"line":24,"column":22},"end":{"line":24,"column":42}}},"4":{"name":"(anonymous_4)","decl":{"start":{"line":35,"column":2},"end":{"line":35,"column":9}},"loc":{"start":{"line":35,"column":2},"end":{"line":37,"column":3}}},"5":{"name":"(anonymous_5)","decl":{"start":{"line":39,"column":2},"end":{"line":39,"column":9}},"loc":{"start":{"line":39,"column":2},"end":{"line":41,"column":3}}}},"branchMap":{"0":{"loc":{"start":{"line":16,"column":12},"end":{"line":16,"column":null}},"type":"if","locations":[{"start":{"line":16,"column":12},"end":{"line":16,"column":null}},{"start":{"line":16,"column":12},"end":{"line":16,"column":null}}]},"1":{"loc":{"start":{"line":22,"column":4},"end":{"line":22,"column":70}},"type":"if","locations":[{"start":{"line":22,"column":4},"end":{"line":22,"column":70}},{"start":{"line":22,"column":4},"end":{"line":22,"column":70}}]},"2":{"loc":{"start":{"line":26,"column":4},"end":{"line":26,"column":68}},"type":"if","locations":[{"start":{"line":26,"column":4},"end":{"line":26,"column":68}},{"start":{"line":26,"column":4},"end":{"line":26,"column":68}}]},"3":{"loc":{"start":{"line":28,"column":4},"end":{"line":29,"column":65}},"type":"if","locations":[{"start":{"line":28,"column":4},"end":{"line":29,"column":65}},{"start":{"line":28,"column":4},"end":{"line":29,"column":65}}]},"4":{"loc":{"start":{"line":31,"column":4},"end":{"line":32,"column":43}},"type":"if","locations":[{"start":{"line":31,"column":4},"end":{"line":32,"column":43}},{"start":{"line":31,"column":4},"end":{"line":32,"column":43}}]}},"s":{"0":3,"1":3,"2":3,"3":3,"4":16,"5":8,"6":8,"7":8,"8":8,"9":8,"10":8,"11":8,"12":3,"13":11,"14":11,"15":1,"16":10,"17":7,"18":10,"19":1,"20":9,"21":1,"22":8,"23":8,"24":3,"25":12,"26":3,"27":9,"28":3,"29":3},"f":{"0":3,"1":8,"2":11,"3":7,"4":12,"5":9},"b":{"0":[8,0],"1":[1,10],"2":[1,9],"3":[1,8],"4":[8,0]}}
,"/home/nery/www/english-exercises/src/domain/entities/ExerciseAlreadyValidatedException.ts": {"path":"/home/nery/www/english-exercises/src/domain/entities/ExerciseAlreadyValidatedException.ts","statementMap":{"0":{"start":{"line":1,"column":0},"end":{"line":1,"column":13}},"1":{"start":{"line":3,"column":11},"end":{"line":3,"column":null}},"2":{"start":{"line":4,"column":11},"end":{"line":4,"column":null}},"3":{"start":{"line":3,"column":11},"end":{"line":3,"column":61}},"4":{"start":{"line":4,"column":11},"end":{"line":4,"column":57}},"5":{"start":{"line":6,"column":0},"end":{"line":6,"column":null}},"6":{"start":{"line":1,"column":13},"end":{"line":1,"column":46}}},"fnMap":{"0":{"name":"(anonymous_0)","decl":{"start":{"line":1,"column":0},"end":{"line":1,"column":13}},"loc":{"start":{"line":1,"column":0},"end":{"line":6,"column":null}}},"1":{"name":"ExerciseAlreadyValidatedException","decl":{"start":{"line":2,"column":2},"end":{"line":2,"column":null}},"loc":{"start":{"line":4,"column":57},"end":{"line":5,"column":6}}}},"branchMap":{"0":{"loc":{"start":{"line":3,"column":11},"end":{"line":3,"column":null}},"type":"if","locations":[{"start":{"line":3,"column":11},"end":{"line":3,"column":null}},{"start":{"line":3,"column":11},"end":{"line":3,"column":null}}]},"1":{"loc":{"start":{"line":4,"column":11},"end":{"line":4,"column":null}},"type":"if","locations":[{"start":{"line":4,"column":11},"end":{"line":4,"column":null}},{"start":{"line":4,"column":11},"end":{"line":4,"column":null}}]}},"s":{"0":3,"1":4,"2":4,"3":2,"4":2,"5":3,"6":3},"f":{"0":3,"1":2},"b":{"0":[2,0],"1":[2,0]}}
,"/home/nery/www/english-exercises/src/domain/entities/OwnerTeacherCannotValidadeOwnExerciseException.ts": {"path":"/home/nery/www/english-exercises/src/domain/entities/OwnerTeacherCannotValidadeOwnExerciseException.ts","statementMap":{"0":{"start":{"line":1,"column":0},"end":{"line":1,"column":13}},"1":{"start":{"line":3,"column":11},"end":{"line":3,"column":null}},"2":{"start":{"line":4,"column":11},"end":{"line":4,"column":null}},"3":{"start":{"line":3,"column":11},"end":{"line":3,"column":74}},"4":{"start":{"line":4,"column":11},"end":{"line":4,"column":73}},"5":{"start":{"line":6,"column":0},"end":{"line":6,"column":null}},"6":{"start":{"line":1,"column":13},"end":{"line":1,"column":59}}},"fnMap":{"0":{"name":"(anonymous_0)","decl":{"start":{"line":1,"column":0},"end":{"line":1,"column":13}},"loc":{"start":{"line":1,"column":0},"end":{"line":6,"column":null}}},"1":{"name":"OwnerTeacherCannotValidadeOwnExerciseException","decl":{"start":{"line":2,"column":2},"end":{"line":2,"column":null}},"loc":{"start":{"line":4,"column":73},"end":{"line":5,"column":6}}}},"branchMap":{"0":{"loc":{"start":{"line":3,"column":11},"end":{"line":3,"column":null}},"type":"if","locations":[{"start":{"line":3,"column":11},"end":{"line":3,"column":null}},{"start":{"line":3,"column":11},"end":{"line":3,"column":null}}]},"1":{"loc":{"start":{"line":4,"column":11},"end":{"line":4,"column":null}},"type":"if","locations":[{"start":{"line":4,"column":11},"end":{"line":4,"column":null}},{"start":{"line":4,"column":11},"end":{"line":4,"column":null}}]}},"s":{"0":3,"1":4,"2":4,"3":2,"4":2,"5":3,"6":3},"f":{"0":3,"1":2},"b":{"0":[2,0],"1":[2,0]}}
,"/home/nery/www/english-exercises/src/domain/entities/Teacher.ts": {"path":"/home/nery/www/english-exercises/src/domain/entities/Teacher.ts","statementMap":{"0":{"start":{"line":1,"column":0},"end":{"line":1,"column":13}},"1":{"start":{"line":3,"column":11},"end":{"line":3,"column":21}},"2":{"start":{"line":4,"column":11},"end":{"line":4,"column":28}},"3":{"start":{"line":5,"column":11},"end":{"line":5,"column":27}},"4":{"start":{"line":6,"column":11},"end":{"line":6,"column":24}},"5":{"start":{"line":8,"column":0},"end":{"line":8,"column":null}},"6":{"start":{"line":1,"column":13},"end":{"line":1,"column":20}}},"fnMap":{"0":{"name":"(anonymous_0)","decl":{"start":{"line":1,"column":0},"end":{"line":1,"column":13}},"loc":{"start":{"line":1,"column":0},"end":{"line":8,"column":null}}},"1":{"name":"Teacher","decl":{"start":{"line":2,"column":2},"end":{"line":2,"column":null}},"loc":{"start":{"line":6,"column":24},"end":{"line":7,"column":6}}}},"branchMap":{},"s":{"0":3,"1":26,"2":26,"3":26,"4":26,"5":3,"6":3},"f":{"0":3,"1":26},"b":{}}
,"/home/nery/www/english-exercises/src/domain/entities/TeacherAlreadyValidatedException.ts": {"path":"/home/nery/www/english-exercises/src/domain/entities/TeacherAlreadyValidatedException.ts","statementMap":{"0":{"start":{"line":1,"column":0},"end":{"line":1,"column":13}},"1":{"start":{"line":3,"column":11},"end":{"line":3,"column":null}},"2":{"start":{"line":4,"column":11},"end":{"line":4,"column":null}},"3":{"start":{"line":3,"column":11},"end":{"line":3,"column":60}},"4":{"start":{"line":4,"column":11},"end":{"line":4,"column":56}},"5":{"start":{"line":6,"column":0},"end":{"line":6,"column":null}},"6":{"start":{"line":1,"column":13},"end":{"line":1,"column":45}}},"fnMap":{"0":{"name":"(anonymous_0)","decl":{"start":{"line":1,"column":0},"end":{"line":1,"column":13}},"loc":{"start":{"line":1,"column":0},"end":{"line":6,"column":null}}},"1":{"name":"TeacherAlreadyValidatedException","decl":{"start":{"line":2,"column":2},"end":{"line":2,"column":null}},"loc":{"start":{"line":4,"column":56},"end":{"line":5,"column":6}}}},"branchMap":{"0":{"loc":{"start":{"line":3,"column":11},"end":{"line":3,"column":null}},"type":"if","locations":[{"start":{"line":3,"column":11},"end":{"line":3,"column":null}},{"start":{"line":3,"column":11},"end":{"line":3,"column":null}}]},"1":{"loc":{"start":{"line":4,"column":11},"end":{"line":4,"column":null}},"type":"if","locations":[{"start":{"line":4,"column":11},"end":{"line":4,"column":null}},{"start":{"line":4,"column":11},"end":{"line":4,"column":null}}]}},"s":{"0":3,"1":4,"2":4,"3":2,"4":2,"5":3,"6":3},"f":{"0":3,"1":2},"b":{"0":[2,0],"1":[2,0]}}
,"/home/nery/www/english-exercises/src/domain/entities/alternative/Alternative.ts": {"path":"/home/nery/www/english-exercises/src/domain/entities/alternative/Alternative.ts","statementMap":{"0":{"start":{"line":1,"column":0},"end":{"line":1,"column":13}},"1":{"start":{"line":3,"column":11},"end":{"line":3,"column":21}},"2":{"start":{"line":4,"column":11},"end":{"line":4,"column":26}},"3":{"start":{"line":5,"column":12},"end":{"line":5,"column":28}},"4":{"start":{"line":8,"column":9},"end":{"line":10,"column":null}},"5":{"start":{"line":9,"column":4},"end":{"line":9,"column":24}},"6":{"start":{"line":11,"column":0},"end":{"line":11,"column":null}},"7":{"start":{"line":1,"column":13},"end":{"line":1,"column":24}}},"fnMap":{"0":{"name":"(anonymous_0)","decl":{"start":{"line":1,"column":0},"end":{"line":1,"column":13}},"loc":{"start":{"line":1,"column":0},"end":{"line":11,"column":null}}},"1":{"name":"Alternative","decl":{"start":{"line":2,"column":2},"end":{"line":2,"column":null}},"loc":{"start":{"line":5,"column":28},"end":{"line":6,"column":6}}},"2":{"name":"(anonymous_2)","decl":{"start":{"line":8,"column":2},"end":{"line":8,"column":9}},"loc":{"start":{"line":8,"column":2},"end":{"line":10,"column":3}}}},"branchMap":{},"s":{"0":2,"1":35,"2":35,"3":35,"4":2,"5":45,"6":2,"7":2},"f":{"0":2,"1":35,"2":45},"b":{}}
,"/home/nery/www/english-exercises/src/domain/entities/alternative/AlternativeQuestion.ts": {"path":"/home/nery/www/english-exercises/src/domain/entities/alternative/AlternativeQuestion.ts","statementMap":{"0":{"start":{"line":3,"column":0},"end":{"line":3,"column":142}},"1":{"start":{"line":4,"column":0},"end":{"line":4,"column":128}},"2":{"start":{"line":6,"column":0},"end":{"line":6,"column":13}},"3":{"start":{"line":9,"column":21},"end":{"line":9,"column":31}},"4":{"start":{"line":10,"column":32},"end":{"line":11,"column":null}},"5":{"start":{"line":11,"column":6},"end":{"line":11,"column":null}},"6":{"start":{"line":14,"column":4},"end":{"line":15,"column":72}},"7":{"start":{"line":15,"column":6},"end":{"line":15,"column":72}},"8":{"start":{"line":16,"column":4},"end":{"line":17,"column":79}},"9":{"start":{"line":17,"column":6},"end":{"line":17,"column":79}},"10":{"start":{"line":19,"column":4},"end":{"line":19,"column":37}},"11":{"start":{"line":22,"column":9},"end":{"line":30,"column":null}},"12":{"start":{"line":23,"column":31},"end":{"line":24,"column":null}},"13":{"start":{"line":24,"column":6},"end":{"line":24,"column":null}},"14":{"start":{"line":26,"column":4},"end":{"line":27,"column":72}},"15":{"start":{"line":27,"column":6},"end":{"line":27,"column":72}},"16":{"start":{"line":29,"column":4},"end":{"line":29,"column":30}},"17":{"start":{"line":31,"column":0},"end":{"line":31,"column":null}},"18":{"start":{"line":6,"column":13},"end":{"line":6,"column":32}}},"fnMap":{"0":{"name":"(anonymous_0)","decl":{"start":{"line":6,"column":0},"end":{"line":6,"column":13}},"loc":{"start":{"line":6,"column":0},"end":{"line":31,"column":null}}},"1":{"name":"AlternativeQuestion","decl":{"start":{"line":9,"column":2},"end":{"line":9,"column":21}},"loc":{"start":{"line":9,"column":60},"end":{"line":20,"column":3}}},"2":{"name":"(anonymous_2)","decl":{"start":{"line":10,"column":52},"end":{"line":10,"column":53}},"loc":{"start":{"line":10,"column":64},"end":{"line":11,"column":17}}},"3":{"name":"(anonymous_3)","decl":{"start":{"line":22,"column":2},"end":{"line":22,"column":9}},"loc":{"start":{"line":22,"column":2},"end":{"line":30,"column":3}}},"4":{"name":"(anonymous_4)","decl":{"start":{"line":23,"column":54},"end":{"line":23,"column":55}},"loc":{"start":{"line":23,"column":66},"end":{"line":24,"column":17}}}},"branchMap":{"0":{"loc":{"start":{"line":14,"column":4},"end":{"line":15,"column":72}},"type":"if","locations":[{"start":{"line":14,"column":4},"end":{"line":15,"column":72}},{"start":{"line":14,"column":4},"end":{"line":15,"column":72}}]},"1":{"loc":{"start":{"line":16,"column":4},"end":{"line":17,"column":79}},"type":"if","locations":[{"start":{"line":16,"column":4},"end":{"line":17,"column":79}},{"start":{"line":16,"column":4},"end":{"line":17,"column":79}}]},"2":{"loc":{"start":{"line":26,"column":4},"end":{"line":27,"column":72}},"type":"if","locations":[{"start":{"line":26,"column":4},"end":{"line":27,"column":72}},{"start":{"line":26,"column":4},"end":{"line":27,"column":72}}]}},"s":{"0":2,"1":2,"2":2,"3":7,"4":7,"5":35,"6":7,"7":1,"8":6,"9":1,"10":5,"11":2,"12":4,"13":10,"14":4,"15":0,"16":4,"17":2,"18":2},"f":{"0":2,"1":7,"2":35,"3":4,"4":10},"b":{"0":[1,6],"1":[1,5],"2":[0,4]}}
,"/home/nery/www/english-exercises/src/domain/entities/alternative/AlternativeQuestionWithMultiplesCorrectAlternativesException.ts": {"path":"/home/nery/www/english-exercises/src/domain/entities/alternative/AlternativeQuestionWithMultiplesCorrectAlternativesException.ts","statementMap":{"0":{"start":{"line":1,"column":0},"end":{"line":1,"column":13}},"1":{"start":{"line":5,"column":11},"end":{"line":5,"column":null}},"2":{"start":{"line":6,"column":11},"end":{"line":6,"column":null}},"3":{"start":{"line":5,"column":11},"end":{"line":5,"column":77}},"4":{"start":{"line":6,"column":11},"end":{"line":6,"column":75}},"5":{"start":{"line":8,"column":0},"end":{"line":8,"column":null}},"6":{"start":{"line":1,"column":13},"end":{"line":1,"column":73}}},"fnMap":{"0":{"name":"(anonymous_0)","decl":{"start":{"line":1,"column":0},"end":{"line":1,"column":13}},"loc":{"start":{"line":1,"column":0},"end":{"line":8,"column":null}}},"1":{"name":"AlternativeQuestionWithMultiplesCorrectAlternativesException","decl":{"start":{"line":4,"column":2},"end":{"line":4,"column":null}},"loc":{"start":{"line":6,"column":75},"end":{"line":7,"column":6}}}},"branchMap":{"0":{"loc":{"start":{"line":5,"column":11},"end":{"line":5,"column":null}},"type":"if","locations":[{"start":{"line":5,"column":11},"end":{"line":5,"column":null}},{"start":{"line":5,"column":11},"end":{"line":5,"column":null}}]},"1":{"loc":{"start":{"line":6,"column":11},"end":{"line":6,"column":null}},"type":"if","locations":[{"start":{"line":6,"column":11},"end":{"line":6,"column":null}},{"start":{"line":6,"column":11},"end":{"line":6,"column":null}}]}},"s":{"0":2,"1":2,"2":2,"3":1,"4":1,"5":2,"6":2},"f":{"0":2,"1":1},"b":{"0":[1,0],"1":[1,0]}}
,"/home/nery/www/english-exercises/src/domain/entities/alternative/AlternativeQuestionWithNoCorrectAlternativesException.ts": {"path":"/home/nery/www/english-exercises/src/domain/entities/alternative/AlternativeQuestionWithNoCorrectAlternativesException.ts","statementMap":{"0":{"start":{"line":1,"column":0},"end":{"line":1,"column":13}},"1":{"start":{"line":5,"column":11},"end":{"line":5,"column":null}},"2":{"start":{"line":6,"column":11},"end":{"line":6,"column":null}},"3":{"start":{"line":5,"column":11},"end":{"line":5,"column":70}},"4":{"start":{"line":6,"column":11},"end":{"line":6,"column":68}},"5":{"start":{"line":8,"column":0},"end":{"line":8,"column":null}},"6":{"start":{"line":1,"column":13},"end":{"line":1,"column":66}}},"fnMap":{"0":{"name":"(anonymous_0)","decl":{"start":{"line":1,"column":0},"end":{"line":1,"column":13}},"loc":{"start":{"line":1,"column":0},"end":{"line":8,"column":null}}},"1":{"name":"AlternativeQuestionWithNoCorrectAlternativesException","decl":{"start":{"line":4,"column":2},"end":{"line":4,"column":null}},"loc":{"start":{"line":6,"column":68},"end":{"line":7,"column":6}}}},"branchMap":{"0":{"loc":{"start":{"line":5,"column":11},"end":{"line":5,"column":null}},"type":"if","locations":[{"start":{"line":5,"column":11},"end":{"line":5,"column":null}},{"start":{"line":5,"column":11},"end":{"line":5,"column":null}}]},"1":{"loc":{"start":{"line":6,"column":11},"end":{"line":6,"column":null}},"type":"if","locations":[{"start":{"line":6,"column":11},"end":{"line":6,"column":null}},{"start":{"line":6,"column":11},"end":{"line":6,"column":null}}]}},"s":{"0":2,"1":2,"2":2,"3":1,"4":1,"5":2,"6":2},"f":{"0":2,"1":1},"b":{"0":[1,0],"1":[1,0]}}
,"/home/nery/www/english-exercises/src/domain/entities/complete/Complete.ts": {"path":"/home/nery/www/english-exercises/src/domain/entities/complete/Complete.ts","statementMap":{"0":{"start":{"line":3,"column":0},"end":{"line":3,"column":13}},"1":{"start":{"line":5,"column":11},"end":{"line":5,"column":21}},"2":{"start":{"line":6,"column":11},"end":{"line":6,"column":26}},"3":{"start":{"line":7,"column":11},"end":{"line":7,"column":29}},"4":{"start":{"line":9,"column":0},"end":{"line":9,"column":null}},"5":{"start":{"line":3,"column":13},"end":{"line":3,"column":21}}},"fnMap":{"0":{"name":"(anonymous_0)","decl":{"start":{"line":3,"column":0},"end":{"line":3,"column":13}},"loc":{"start":{"line":3,"column":0},"end":{"line":9,"column":null}}},"1":{"name":"Complete","decl":{"start":{"line":4,"column":2},"end":{"line":4,"column":null}},"loc":{"start":{"line":7,"column":29},"end":{"line":8,"column":6}}}},"branchMap":{},"s":{"0":1,"1":8,"2":8,"3":8,"4":1,"5":1},"f":{"0":1,"1":8},"b":{}}
,"/home/nery/www/english-exercises/src/domain/entities/complete/CompleteQuestion.ts": {"path":"/home/nery/www/english-exercises/src/domain/entities/complete/CompleteQuestion.ts","statementMap":{"0":{"start":{"line":3,"column":0},"end":{"line":3,"column":47}},"1":{"start":{"line":5,"column":0},"end":{"line":5,"column":13}},"2":{"start":{"line":6,"column":21},"end":{"line":6,"column":31}},"3":{"start":{"line":6,"column":40},"end":{"line":6,"column":61}},"4":{"start":{"line":8,"column":2},"end":{"line":12,"column":null}},"5":{"start":{"line":9,"column":4},"end":{"line":11,"column":43}},"6":{"start":{"line":10,"column":28},"end":{"line":10,"column":65}},"7":{"start":{"line":11,"column":25},"end":{"line":11,"column":42}},"8":{"start":{"line":13,"column":0},"end":{"line":13,"column":null}},"9":{"start":{"line":5,"column":13},"end":{"line":5,"column":29}}},"fnMap":{"0":{"name":"(anonymous_0)","decl":{"start":{"line":5,"column":0},"end":{"line":5,"column":13}},"loc":{"start":{"line":5,"column":0},"end":{"line":13,"column":null}}},"1":{"name":"CompleteQuestion","decl":{"start":{"line":6,"column":2},"end":{"line":6,"column":21}},"loc":{"start":{"line":6,"column":61},"end":{"line":6,"column":65}}},"2":{"name":"(anonymous_2)","decl":{"start":{"line":8,"column":2},"end":{"line":8,"column":11}},"loc":{"start":{"line":8,"column":2},"end":{"line":12,"column":3}}},"3":{"name":"(anonymous_3)","decl":{"start":{"line":10,"column":14},"end":{"line":10,"column":15}},"loc":{"start":{"line":10,"column":23},"end":{"line":10,"column":36}}},"4":{"name":"(anonymous_4)","decl":{"start":{"line":11,"column":11},"end":{"line":11,"column":12}},"loc":{"start":{"line":11,"column":20},"end":{"line":11,"column":33}}}},"branchMap":{},"s":{"0":1,"1":1,"2":4,"3":4,"4":1,"5":4,"6":8,"7":4,"8":1,"9":1},"f":{"0":1,"1":4,"2":4,"3":8,"4":4},"b":{}}
,"/home/nery/www/english-exercises/src/domain/entities/complete/CompleteTypes.ts": {"path":"/home/nery/www/english-exercises/src/domain/entities/complete/CompleteTypes.ts","statementMap":{"0":{"start":{"line":1,"column":0},"end":{"line":1,"column":null}},"1":{"start":{"line":2,"column":2},"end":{"line":2,"column":null}},"2":{"start":{"line":3,"column":2},"end":{"line":3,"column":null}}},"fnMap":{"0":{"name":"(anonymous_0)","decl":{"start":{"line":1,"column":0},"end":{"line":1,"column":12}},"loc":{"start":{"line":1,"column":24},"end":{"line":4,"column":1}}}},"branchMap":{"0":{"loc":{"start":{"line":1,"column":12},"end":{"line":1,"column":24}},"type":"binary-expr","locations":[{"start":{"line":1,"column":12},"end":{"line":1,"column":24}},{"start":{"line":1,"column":12},"end":{"line":1,"column":null}}]}},"s":{"0":1,"1":1,"2":1},"f":{"0":1},"b":{"0":[1,1]}}
,"/home/nery/www/english-exercises/src/domain/useCases/AlternativeExerciseResultUseCase.ts": {"path":"/home/nery/www/english-exercises/src/domain/useCases/AlternativeExerciseResultUseCase.ts","statementMap":{"0":{"start":{"line":5,"column":0},"end":{"line":5,"column":13}},"1":{"start":{"line":6,"column":15},"end":{"line":33,"column":null}},"2":{"start":{"line":10,"column":10},"end":{"line":10,"column":42}},"3":{"start":{"line":11,"column":10},"end":{"line":11,"column":40}},"4":{"start":{"line":13,"column":10},"end":{"line":26,"column":7}},"5":{"start":{"line":14,"column":35},"end":{"line":14,"column":59}},"6":{"start":{"line":16,"column":6},"end":{"line":16,"column":46}},"7":{"start":{"line":16,"column":33},"end":{"line":16,"column":46}},"8":{"start":{"line":18,"column":6},"end":{"line":25,"column":null}},"9":{"start":{"line":19,"column":8},"end":{"line":19,"column":43}},"10":{"start":{"line":21,"column":8},"end":{"line":21,"column":20}},"11":{"start":{"line":23,"column":8},"end":{"line":23,"column":41}},"12":{"start":{"line":24,"column":8},"end":{"line":24,"column":21}},"13":{"start":{"line":28,"column":4},"end":{"line":32,"column":6}},"14":{"start":{"line":35,"column":10},"end":{"line":42,"column":null}},"15":{"start":{"line":39,"column":31},"end":{"line":39,"column":51}},"16":{"start":{"line":41,"column":4},"end":{"line":41,"column":59}},"17":{"start":{"line":43,"column":0},"end":{"line":43,"column":null}},"18":{"start":{"line":5,"column":13},"end":{"line":5,"column":45}}},"fnMap":{"0":{"name":"(anonymous_13)","decl":{"start":{"line":5,"column":0},"end":{"line":5,"column":13}},"loc":{"start":{"line":5,"column":0},"end":{"line":43,"column":null}}},"1":{"name":"(anonymous_15)","decl":{"start":{"line":6,"column":2},"end":{"line":6,"column":15}},"loc":{"start":{"line":8,"column":32},"end":{"line":33,"column":null}}},"2":{"name":"(anonymous_18)","decl":{"start":{"line":13,"column":55},"end":{"line":13,"column":56}},"loc":{"start":{"line":13,"column":64},"end":{"line":26,"column":5}}},"3":{"name":"(anonymous_19)","decl":{"start":{"line":35,"column":2},"end":{"line":35,"column":10}},"loc":{"start":{"line":37,"column":32},"end":{"line":42,"column":3}}}},"branchMap":{"0":{"loc":{"start":{"line":16,"column":6},"end":{"line":16,"column":46}},"type":"if","locations":[{"start":{"line":16,"column":6},"end":{"line":16,"column":46}},{"start":{"line":16,"column":6},"end":{"line":16,"column":46}}]},"1":{"loc":{"start":{"line":18,"column":6},"end":{"line":25,"column":null}},"type":"if","locations":[{"start":{"line":18,"column":6},"end":{"line":25,"column":null}},{"start":{"line":18,"column":6},"end":{"line":25,"column":null}}]},"2":{"loc":{"start":{"line":41,"column":29},"end":{"line":41,"column":31}},"type":"cond-expr","locations":[{"start":{"line":41,"column":29},"end":{"line":41,"column":31}},{"start":{"line":41,"column":11},"end":{"line":41,"column":33}}]},"3":{"loc":{"start":{"line":41,"column":11},"end":{"line":41,"column":31}},"type":"binary-expr","locations":[{"start":{"line":41,"column":11},"end":{"line":41,"column":31}},{"start":{"line":41,"column":11},"end":{"line":41,"column":31}}]}},"s":{"0":1,"1":1,"2":1,"3":1,"4":1,"5":4,"6":4,"7":0,"8":4,"9":3,"10":3,"11":1,"12":1,"13":1,"14":1,"15":4,"16":4,"17":1,"18":1},"f":{"0":2,"1":1,"2":4,"3":4},"b":{"0":[0,4],"1":[3,1],"2":[0,4],"3":[4,4]}}
,"/home/nery/www/english-exercises/src/domain/useCases/CompleteExerciseResultUseCase.ts": {"path":"/home/nery/www/english-exercises/src/domain/useCases/CompleteExerciseResultUseCase.ts","statementMap":{"0":{"start":{"line":5,"column":0},"end":{"line":5,"column":13}},"1":{"start":{"line":6,"column":15},"end":{"line":39,"column":null}},"2":{"start":{"line":10,"column":10},"end":{"line":10,"column":42}},"3":{"start":{"line":11,"column":10},"end":{"line":11,"column":40}},"4":{"start":{"line":13,"column":10},"end":{"line":32,"column":7}},"5":{"start":{"line":14,"column":43},"end":{"line":14,"column":73}},"6":{"start":{"line":16,"column":6},"end":{"line":16,"column":54}},"7":{"start":{"line":16,"column":41},"end":{"line":16,"column":54}},"8":{"start":{"line":18,"column":40},"end":{"line":20,"column":null}},"9":{"start":{"line":23,"column":6},"end":{"line":31,"column":null}},"10":{"start":{"line":24,"column":8},"end":{"line":24,"column":43}},"11":{"start":{"line":26,"column":8},"end":{"line":26,"column":20}},"12":{"start":{"line":28,"column":8},"end":{"line":28,"column":41}},"13":{"start":{"line":30,"column":8},"end":{"line":30,"column":21}},"14":{"start":{"line":34,"column":4},"end":{"line":38,"column":6}},"15":{"start":{"line":41,"column":10},"end":{"line":50,"column":null}},"16":{"start":{"line":45,"column":27},"end":{"line":45,"column":76}},"17":{"start":{"line":47,"column":4},"end":{"line":49,"column":6}},"18":{"start":{"line":52,"column":10},"end":{"line":54,"column":null}},"19":{"start":{"line":53,"column":4},"end":{"line":53,"column":51}},"20":{"start":{"line":53,"column":31},"end":{"line":53,"column":50}},"21":{"start":{"line":55,"column":0},"end":{"line":55,"column":null}},"22":{"start":{"line":5,"column":13},"end":{"line":5,"column":42}}},"fnMap":{"0":{"name":"(anonymous_13)","decl":{"start":{"line":5,"column":0},"end":{"line":5,"column":13}},"loc":{"start":{"line":5,"column":0},"end":{"line":55,"column":null}}},"1":{"name":"(anonymous_15)","decl":{"start":{"line":6,"column":2},"end":{"line":6,"column":15}},"loc":{"start":{"line":8,"column":40},"end":{"line":39,"column":null}}},"2":{"name":"(anonymous_18)","decl":{"start":{"line":13,"column":55},"end":{"line":13,"column":56}},"loc":{"start":{"line":13,"column":64},"end":{"line":32,"column":5}}},"3":{"name":"(anonymous_19)","decl":{"start":{"line":41,"column":2},"end":{"line":41,"column":10}},"loc":{"start":{"line":43,"column":35},"end":{"line":50,"column":3}}},"4":{"name":"(anonymous_20)","decl":{"start":{"line":52,"column":2},"end":{"line":52,"column":10}},"loc":{"start":{"line":52,"column":48},"end":{"line":54,"column":3}}},"5":{"name":"(anonymous_21)","decl":{"start":{"line":53,"column":21},"end":{"line":53,"column":22}},"loc":{"start":{"line":53,"column":26},"end":{"line":53,"column":35}}}},"branchMap":{"0":{"loc":{"start":{"line":16,"column":6},"end":{"line":16,"column":54}},"type":"if","locations":[{"start":{"line":16,"column":6},"end":{"line":16,"column":54}},{"start":{"line":16,"column":6},"end":{"line":16,"column":54}}]},"1":{"loc":{"start":{"line":23,"column":6},"end":{"line":31,"column":null}},"type":"if","locations":[{"start":{"line":23,"column":6},"end":{"line":31,"column":null}},{"start":{"line":23,"column":6},"end":{"line":31,"column":null}}]}},"s":{"0":1,"1":1,"2":2,"3":2,"4":2,"5":4,"6":4,"7":0,"8":4,"9":4,"10":2,"11":2,"12":2,"13":2,"14":2,"15":1,"16":4,"17":4,"18":1,"19":8,"20":8,"21":1,"22":1},"f":{"0":3,"1":2,"2":4,"3":4,"4":8,"5":8},"b":{"0":[0,4],"1":[2,2]}}
,"/home/nery/www/english-exercises/src/domain/useCases/TeacherValidateExerciseUseCase.ts": {"path":"/home/nery/www/english-exercises/src/domain/useCases/TeacherValidateExerciseUseCase.ts","statementMap":{"0":{"start":{"line":5,"column":0},"end":{"line":5,"column":13}},"1":{"start":{"line":6,"column":15},"end":{"line":13,"column":null}},"2":{"start":{"line":10,"column":4},"end":{"line":10,"column":34}},"3":{"start":{"line":12,"column":4},"end":{"line":12,"column":37}},"4":{"start":{"line":14,"column":0},"end":{"line":14,"column":null}},"5":{"start":{"line":5,"column":13},"end":{"line":5,"column":43}}},"fnMap":{"0":{"name":"(anonymous_13)","decl":{"start":{"line":5,"column":0},"end":{"line":5,"column":13}},"loc":{"start":{"line":5,"column":0},"end":{"line":14,"column":null}}},"1":{"name":"(anonymous_15)","decl":{"start":{"line":6,"column":2},"end":{"line":6,"column":15}},"loc":{"start":{"line":8,"column":37},"end":{"line":13,"column":null}}}},"branchMap":{},"s":{"0":1,"1":1,"2":11,"3":8,"4":1,"5":1},"f":{"0":6,"1":11},"b":{}}
}
