TN:
SF:src/domain/entities/Exercise.ts
FN:7,(anonymous_0)
FN:10,Exercise
FN:19,(anonymous_2)
FN:24,(anonymous_3)
FN:35,(anonymous_4)
FN:39,(anonymous_5)
FNF:6
FNH:6
FNDA:3,(anonymous_0)
FNDA:8,Exercise
FNDA:11,(anonymous_2)
FNDA:7,(anonymous_3)
FNDA:12,(anonymous_4)
FNDA:9,(anonymous_5)
DA:1,3
DA:2,3
DA:5,3
DA:7,3
DA:8,8
DA:11,8
DA:12,8
DA:13,8
DA:14,8
DA:15,8
DA:16,16
DA:19,3
DA:20,11
DA:22,11
DA:23,10
DA:24,7
DA:26,10
DA:28,9
DA:29,1
DA:31,8
DA:32,8
DA:35,3
DA:36,12
DA:39,3
DA:40,9
DA:42,3
LF:26
LH:26
BRDA:16,0,0,8
BRDA:16,0,1,0
BRDA:22,1,0,1
BRDA:22,1,1,10
BRDA:26,2,0,1
BRDA:26,2,1,9
BRDA:28,3,0,1
BRDA:28,3,1,8
BRDA:31,4,0,8
BRDA:31,4,1,0
BRF:10
BRH:8
end_of_record
TN:
SF:src/domain/entities/ExerciseAlreadyValidatedException.ts
FN:1,(anonymous_0)
FN:2,ExerciseAlreadyValidatedException
FNF:2
FNH:2
FNDA:3,(anonymous_0)
FNDA:2,ExerciseAlreadyValidatedException
DA:1,3
DA:3,4
DA:4,4
DA:6,3
LF:4
LH:4
BRDA:3,0,0,2
BRDA:3,0,1,0
BRDA:4,1,0,2
BRDA:4,1,1,0
BRF:4
BRH:2
end_of_record
TN:
SF:src/domain/entities/OwnerTeacherCannotValidadeOwnExerciseException.ts
FN:1,(anonymous_0)
FN:2,OwnerTeacherCannotValidadeOwnExerciseException
FNF:2
FNH:2
FNDA:3,(anonymous_0)
FNDA:2,OwnerTeacherCannotValidadeOwnExerciseException
DA:1,3
DA:3,4
DA:4,4
DA:6,3
LF:4
LH:4
BRDA:3,0,0,2
BRDA:3,0,1,0
BRDA:4,1,0,2
BRDA:4,1,1,0
BRF:4
BRH:2
end_of_record
TN:
SF:src/domain/entities/Teacher.ts
FN:1,(anonymous_0)
FN:2,Teacher
FNF:2
FNH:2
FNDA:3,(anonymous_0)
FNDA:26,Teacher
DA:1,3
DA:3,26
DA:4,26
DA:5,26
DA:6,26
DA:8,3
LF:6
LH:6
BRF:0
BRH:0
end_of_record
TN:
SF:src/domain/entities/TeacherAlreadyValidatedException.ts
FN:1,(anonymous_0)
FN:2,TeacherAlreadyValidatedException
FNF:2
FNH:2
FNDA:3,(anonymous_0)
FNDA:2,TeacherAlreadyValidatedException
DA:1,3
DA:3,4
DA:4,4
DA:6,3
LF:4
LH:4
BRDA:3,0,0,2
BRDA:3,0,1,0
BRDA:4,1,0,2
BRDA:4,1,1,0
BRF:4
BRH:2
end_of_record
TN:
SF:src/domain/entities/alternative/Alternative.ts
FN:1,(anonymous_0)
FN:2,Alternative
FN:8,(anonymous_2)
FNF:3
FNH:3
FNDA:2,(anonymous_0)
FNDA:35,Alternative
FNDA:45,(anonymous_2)
DA:1,2
DA:3,35
DA:4,35
DA:5,35
DA:8,2
DA:9,45
DA:11,2
LF:7
LH:7
BRF:0
BRH:0
end_of_record
TN:
SF:src/domain/entities/alternative/AlternativeQuestion.ts
FN:6,(anonymous_0)
FN:9,AlternativeQuestion
FN:10,(anonymous_2)
FN:22,(anonymous_3)
FN:23,(anonymous_4)
FNF:5
FNH:5
FNDA:2,(anonymous_0)
FNDA:7,AlternativeQuestion
FNDA:35,(anonymous_2)
FNDA:4,(anonymous_3)
FNDA:10,(anonymous_4)
DA:3,2
DA:4,2
DA:6,2
DA:9,7
DA:10,7
DA:11,35
DA:14,7
DA:15,1
DA:16,6
DA:17,1
DA:19,5
DA:22,2
DA:23,4
DA:24,10
DA:26,4
DA:27,0
DA:29,4
DA:31,2
LF:18
LH:17
BRDA:14,0,0,1
BRDA:14,0,1,6
BRDA:16,1,0,1
BRDA:16,1,1,5
BRDA:26,2,0,0
BRDA:26,2,1,4
BRF:6
BRH:5
end_of_record
TN:
SF:src/domain/entities/alternative/AlternativeQuestionWithMultiplesCorrectAlternativesException.ts
FN:1,(anonymous_0)
FN:4,AlternativeQuestionWithMultiplesCorrectAlternativesException
FNF:2
FNH:2
FNDA:2,(anonymous_0)
FNDA:1,AlternativeQuestionWithMultiplesCorrectAlternativesException
DA:1,2
DA:5,2
DA:6,2
DA:8,2
LF:4
LH:4
BRDA:5,0,0,1
BRDA:5,0,1,0
BRDA:6,1,0,1
BRDA:6,1,1,0
BRF:4
BRH:2
end_of_record
TN:
SF:src/domain/entities/alternative/AlternativeQuestionWithNoCorrectAlternativesException.ts
FN:1,(anonymous_0)
FN:4,AlternativeQuestionWithNoCorrectAlternativesException
FNF:2
FNH:2
FNDA:2,(anonymous_0)
FNDA:1,AlternativeQuestionWithNoCorrectAlternativesException
DA:1,2
DA:5,2
DA:6,2
DA:8,2
LF:4
LH:4
BRDA:5,0,0,1
BRDA:5,0,1,0
BRDA:6,1,0,1
BRDA:6,1,1,0
BRF:4
BRH:2
end_of_record
TN:
SF:src/domain/entities/complete/Complete.ts
FN:3,(anonymous_0)
FN:4,Complete
FNF:2
FNH:2
FNDA:1,(anonymous_0)
FNDA:8,Complete
DA:3,1
DA:5,8
DA:6,8
DA:7,8
DA:9,1
LF:5
LH:5
BRF:0
BRH:0
end_of_record
TN:
SF:src/domain/entities/complete/CompleteQuestion.ts
FN:5,(anonymous_0)
FN:6,CompleteQuestion
FN:8,(anonymous_2)
FN:10,(anonymous_3)
FN:11,(anonymous_4)
FNF:5
FNH:5
FNDA:1,(anonymous_0)
FNDA:4,CompleteQuestion
FNDA:4,(anonymous_2)
FNDA:8,(anonymous_3)
FNDA:4,(anonymous_4)
DA:3,1
DA:5,1
DA:6,4
DA:8,1
DA:9,4
DA:10,8
DA:11,4
DA:13,1
LF:8
LH:8
BRF:0
BRH:0
end_of_record
TN:
SF:src/domain/entities/complete/CompleteTypes.ts
FN:1,(anonymous_0)
FNF:1
FNH:1
FNDA:1,(anonymous_0)
DA:1,1
DA:2,1
DA:3,1
LF:3
LH:3
BRDA:1,0,0,1
BRDA:1,0,1,1
BRF:2
BRH:2
end_of_record
TN:
SF:src/domain/useCases/AlternativeExerciseResultUseCase.ts
FN:5,(anonymous_13)
FN:6,(anonymous_15)
FN:13,(anonymous_18)
FN:35,(anonymous_19)
FNF:4
FNH:4
FNDA:2,(anonymous_13)
FNDA:1,(anonymous_15)
FNDA:4,(anonymous_18)
FNDA:4,(anonymous_19)
DA:5,1
DA:6,1
DA:10,1
DA:11,1
DA:13,1
DA:14,4
DA:16,4
DA:18,4
DA:19,3
DA:21,3
DA:23,1
DA:24,1
DA:28,1
DA:35,1
DA:39,4
DA:41,4
DA:43,1
LF:17
LH:17
BRDA:16,0,0,0
BRDA:16,0,1,4
BRDA:18,1,0,3
BRDA:18,1,1,1
BRDA:41,2,0,0
BRDA:41,2,1,4
BRDA:41,3,0,4
BRDA:41,3,1,4
BRF:8
BRH:6
end_of_record
TN:
SF:src/domain/useCases/CompleteExerciseResultUseCase.ts
FN:5,(anonymous_13)
FN:6,(anonymous_15)
FN:13,(anonymous_18)
FN:41,(anonymous_19)
FN:52,(anonymous_20)
FN:53,(anonymous_21)
FNF:6
FNH:6
FNDA:3,(anonymous_13)
FNDA:2,(anonymous_15)
FNDA:4,(anonymous_18)
FNDA:4,(anonymous_19)
FNDA:8,(anonymous_20)
FNDA:8,(anonymous_21)
DA:5,1
DA:6,1
DA:10,2
DA:11,2
DA:13,2
DA:14,4
DA:16,4
DA:18,4
DA:23,4
DA:24,2
DA:26,2
DA:28,2
DA:30,2
DA:34,2
DA:41,1
DA:45,4
DA:47,4
DA:52,1
DA:53,8
DA:55,1
LF:20
LH:20
BRDA:16,0,0,0
BRDA:16,0,1,4
BRDA:23,1,0,2
BRDA:23,1,1,2
BRF:4
BRH:3
end_of_record
TN:
SF:src/domain/useCases/TeacherValidateExerciseUseCase.ts
FN:5,(anonymous_13)
FN:6,(anonymous_15)
FNF:2
FNH:2
FNDA:6,(anonymous_13)
FNDA:11,(anonymous_15)
DA:5,1
DA:6,1
DA:10,11
DA:12,8
DA:14,1
LF:5
LH:5
BRF:0
BRH:0
end_of_record
